HTTP/1.1 200 OK
Server: gSOAP/2.7
Content-Type: text/xml; charset=utf-8
Content-Length: 1271
Connection: close

<?xml version="1.0" encoding="UTF-8"?>
<SOAP-ENV:Envelope xmlns:SOAP-ENV="http://schemas.xmlsoap.org/soap/envelope/" xmlns:SOAP-ENC="http://schemas.xmlsoap.org/soap/encoding/" xmlns:xsi="http://www.w3.org/2001/XMLSchema-instance" xmlns:xsd="http://www.w3.org/2001/XMLSchema" xmlns:ns1="http://srm.lbl.gov/StorageResourceManager"><SOAP-ENV:Body SOAP-ENV:encodingStyle="http://schemas.xmlsoap.org/soap/encoding/"><ns1:srmLsResponse><srmLsResponse><returnStatus><statusCode>SRM_SUCCESS</statusCode></returnStatus><details><pathDetailArray><path>/dpm/in2p3.fr/home/calice/generated/2009-03-07/file27ccbcc2-60b3-45c7-8039-8ded859fc1dd</path><status><statusCode>SRM_SUCCESS</statusCode></status><size>629</size><createdAtTime>2009-03-07T14:18:52Z</createdAtTime><lastModificationTime>2009-03-07T14:18:52Z</lastModificationTime><fileStorageType>PERMANENT</fileStorageType><fileLocality>ONLINE</fileLocality><type>FILE</type><lifetimeLeft>-1</lifetimeLeft><ownerPermission><userID>/O=GRID-FR/C=FR/O=CNRS/OU=LLR/CN=Daniel Jeans</userID><mode>RW</mode></ownerPermission><groupPermission><groupID>calice</groupID><mode>RW</mode></groupPermission><otherPermission>R</otherPermission></pathDetailArray></details></srmLsResponse></ns1:srmLsResponse></SOAP-ENV:Body></SOAP-ENV:Envelope>HTTP/1.1 200 OK
Server: gSOAP/2.7
Content-Type: text/xml; charset=utf-8
Content-Length: 959
Connection: close

<?xml version="1.0" encoding="UTF-8"?>
<SOAP-ENV:Envelope xmlns:SOAP-ENV="http://schemas.xmlsoap.org/soap/envelope/" xmlns:SOAP-ENC="http://schemas.xmlsoap.org/soap/encoding/" xmlns:xsi="http://www.w3.org/2001/XMLSchema-instance" xmlns:xsd="http://www.w3.org/2001/XMLSchema" xmlns:ns1="http://srm.lbl.gov/StorageResourceManager"><SOAP-ENV:Body SOAP-ENV:encodingStyle="http://schemas.xmlsoap.org/soap/encoding/"><ns1:srmPrepareToGetResponse><srmPrepareToGetResponse><returnStatus><statusCode>SRM_REQUEST_QUEUED</statusCode></returnStatus><requestToken>3f51746a-13db-48a1-a412-f9f396b2f045</requestToken><arrayOfFileStatuses><statusArray><sourceSURL>srm://polgrid4.in2p3.fr/dpm/in2p3.fr/home/calice/generated/2009-03-07/file27ccbcc2-60b3-45c7-8039-8ded859fc1dd</sourceSURL><status><statusCode>SRM_REQUEST_QUEUED</statusCode></status></statusArray></arrayOfFileStatuses></srmPrepareToGetResponse></ns1:srmPrepareToGetResponse></SOAP-ENV:Body></SOAP-ENV:Envelope>HTTP/1.1 200 OK
Server: gSOAP/2.7
Content-Type: text/xml; charset=utf-8
Content-Length: 1122
Connection: close

<?xml version="1.0" encoding="UTF-8"?>
<SOAP-ENV:Envelope xmlns:SOAP-ENV="http://schemas.xmlsoap.org/soap/envelope/" xmlns:SOAP-ENC="http://schemas.xmlsoap.org/soap/encoding/" xmlns:xsi="http://www.w3.org/2001/XMLSchema-instance" xmlns:xsd="http://www.w3.org/2001/XMLSchema" xmlns:ns1="http://srm.lbl.gov/StorageResourceManager"><SOAP-ENV:Body SOAP-ENV:encodingStyle="http://schemas.xmlsoap.org/soap/encoding/"><ns1:srmStatusOfGetRequestResponse><srmStatusOfGetRequestResponse><returnStatus><statusCode>SRM_SUCCESS</statusCode></returnStatus><arrayOfFileStatuses><statusArray><sourceSURL>srm://polgrid4.in2p3.fr/dpm/in2p3.fr/home/calice/generated/2009-03-07/file27ccbcc2-60b3-45c7-8039-8ded859fc1dd</sourceSURL><fileSize>629</fileSize><status><statusCode>SRM_FILE_PINNED</statusCode></status><remainingPinTime>7195</remainingPinTime><transferURL>gsiftp://polgrid63.in2p3.fr/polgrid63.in2p3.fr:/data1/calice/2009-12-23/file27ccbcc2-60b3-45c7-8039-8ded859fc1dd.7829863.0</transferURL></statusArray></arrayOfFileStatuses></srmStatusOfGetRequestResponse></ns1:srmStatusOfGetRequestResponse></SOAP-ENV:Body></SOAP-ENV:Envelope>HTTP/1.1 200 OK
Server: gSOAP/2.7
Content-Type: text/xml; charset=utf-8
Content-Length: 868
Connection: close

<?xml version="1.0" encoding="UTF-8"?>
<SOAP-ENV:Envelope xmlns:SOAP-ENV="http://schemas.xmlsoap.org/soap/envelope/" xmlns:SOAP-ENC="http://schemas.xmlsoap.org/soap/encoding/" xmlns:xsi="http://www.w3.org/2001/XMLSchema-instance" xmlns:xsd="http://www.w3.org/2001/XMLSchema" xmlns:ns1="http://srm.lbl.gov/StorageResourceManager"><SOAP-ENV:Body SOAP-ENV:encodingStyle="http://schemas.xmlsoap.org/soap/encoding/"><ns1:srmReleaseFilesResponse><srmReleaseFilesResponse><returnStatus><statusCode>SRM_SUCCESS</statusCode></returnStatus><arrayOfFileStatuses><statusArray><surl>srm://polgrid4.in2p3.fr/dpm/in2p3.fr/home/calice/generated/2009-03-07/file27ccbcc2-60b3-45c7-8039-8ded859fc1dd</surl><status><statusCode>SRM_SUCCESS</statusCode></status></statusArray></arrayOfFileStatuses></srmReleaseFilesResponse></ns1:srmReleaseFilesResponse></SOAP-ENV:Body></SOAP-ENV:Envelope>HTTP/1.1 200 OK
Server: gSOAP/2.7
Content-Type: text/xml; charset=utf-8
Content-Length: 1271
Connection: close

<?xml version="1.0" encoding="UTF-8"?>
<SOAP-ENV:Envelope xmlns:SOAP-ENV="http://schemas.xmlsoap.org/soap/envelope/" xmlns:SOAP-ENC="http://schemas.xmlsoap.org/soap/encoding/" xmlns:xsi="http://www.w3.org/2001/XMLSchema-instance" xmlns:xsd="http://www.w3.org/2001/XMLSchema" xmlns:ns1="http://srm.lbl.gov/StorageResourceManager"><SOAP-ENV:Body SOAP-ENV:encodingStyle="http://schemas.xmlsoap.org/soap/encoding/"><ns1:srmLsResponse><srmLsResponse><returnStatus><statusCode>SRM_SUCCESS</statusCode></returnStatus><details><pathDetailArray><path>/dpm/in2p3.fr/home/calice/generated/2009-03-07/file451664db-1dc9-4ca9-aa26-a350d8ba7f57</path><status><statusCode>SRM_SUCCESS</statusCode></status><size>696</size><createdAtTime>2009-03-07T14:18:27Z</createdAtTime><lastModificationTime>2009-03-07T14:18:27Z</lastModificationTime><fileStorageType>PERMANENT</fileStorageType><fileLocality>ONLINE</fileLocality><type>FILE</type><lifetimeLeft>-1</lifetimeLeft><ownerPermission><userID>/O=GRID-FR/C=FR/O=CNRS/OU=LLR/CN=Daniel Jeans</userID><mode>RW</mode></ownerPermission><groupPermission><groupID>calice</groupID><mode>RW</mode></groupPermission><otherPermission>R</otherPermission></pathDetailArray></details></srmLsResponse></ns1:srmLsResponse></SOAP-ENV:Body></SOAP-ENV:Envelope>HTTP/1.1 200 OK
Server: gSOAP/2.7
Content-Type: text/xml; charset=utf-8
Content-Length: 959
Connection: close

<?xml version="1.0" encoding="UTF-8"?>
<SOAP-ENV:Envelope xmlns:SOAP-ENV="http://schemas.xmlsoap.org/soap/envelope/" xmlns:SOAP-ENC="http://schemas.xmlsoap.org/soap/encoding/" xmlns:xsi="http://www.w3.org/2001/XMLSchema-instance" xmlns:xsd="http://www.w3.org/2001/XMLSchema" xmlns:ns1="http://srm.lbl.gov/StorageResourceManager"><SOAP-ENV:Body SOAP-ENV:encodingStyle="http://schemas.xmlsoap.org/soap/encoding/"><ns1:srmPrepareToGetResponse><srmPrepareToGetResponse><returnStatus><statusCode>SRM_REQUEST_QUEUED</statusCode></returnStatus><requestToken>df1ad0b1-ed94-43ae-86f6-96bab193f8a4</requestToken><arrayOfFileStatuses><statusArray><sourceSURL>srm://polgrid4.in2p3.fr/dpm/in2p3.fr/home/calice/generated/2009-03-07/file451664db-1dc9-4ca9-aa26-a350d8ba7f57</sourceSURL><status><statusCode>SRM_REQUEST_QUEUED</statusCode></status></statusArray></arrayOfFileStatuses></srmPrepareToGetResponse></ns1:srmPrepareToGetResponse></SOAP-ENV:Body></SOAP-ENV:Envelope>HTTP/1.1 200 OK
Server: gSOAP/2.7
Content-Type: text/xml; charset=utf-8
Content-Length: 1122
Connection: close

<?xml version="1.0" encoding="UTF-8"?>
<SOAP-ENV:Envelope xmlns:SOAP-ENV="http://schemas.xmlsoap.org/soap/envelope/" xmlns:SOAP-ENC="http://schemas.xmlsoap.org/soap/encoding/" xmlns:xsi="http://www.w3.org/2001/XMLSchema-instance" xmlns:xsd="http://www.w3.org/2001/XMLSchema" xmlns:ns1="http://srm.lbl.gov/StorageResourceManager"><SOAP-ENV:Body SOAP-ENV:encodingStyle="http://schemas.xmlsoap.org/soap/encoding/"><ns1:srmStatusOfGetRequestResponse><srmStatusOfGetRequestResponse><returnStatus><statusCode>SRM_SUCCESS</statusCode></returnStatus><arrayOfFileStatuses><statusArray><sourceSURL>srm://polgrid4.in2p3.fr/dpm/in2p3.fr/home/calice/generated/2009-03-07/file451664db-1dc9-4ca9-aa26-a350d8ba7f57</sourceSURL><fileSize>696</fileSize><status><statusCode>SRM_FILE_PINNED</statusCode></status><remainingPinTime>7195</remainingPinTime><transferURL>gsiftp://polgrid63.in2p3.fr/polgrid63.in2p3.fr:/data1/calice/2009-08-15/file451664db-1dc9-4ca9-aa26-a350d8ba7f57.4498870.0</transferURL></statusArray></arrayOfFileStatuses></srmStatusOfGetRequestResponse></ns1:srmStatusOfGetRequestResponse></SOAP-ENV:Body></SOAP-ENV:Envelope>HTTP/1.1 200 OK
Server: gSOAP/2.7
Content-Type: text/xml; charset=utf-8
Content-Length: 868
Connection: close

<?xml version="1.0" encoding="UTF-8"?>
<SOAP-ENV:Envelope xmlns:SOAP-ENV="http://schemas.xmlsoap.org/soap/envelope/" xmlns:SOAP-ENC="http://schemas.xmlsoap.org/soap/encoding/" xmlns:xsi="http://www.w3.org/2001/XMLSchema-instance" xmlns:xsd="http://www.w3.org/2001/XMLSchema" xmlns:ns1="http://srm.lbl.gov/StorageResourceManager"><SOAP-ENV:Body SOAP-ENV:encodingStyle="http://schemas.xmlsoap.org/soap/encoding/"><ns1:srmReleaseFilesResponse><srmReleaseFilesResponse><returnStatus><statusCode>SRM_SUCCESS</statusCode></returnStatus><arrayOfFileStatuses><statusArray><surl>srm://polgrid4.in2p3.fr/dpm/in2p3.fr/home/calice/generated/2009-03-07/file451664db-1dc9-4ca9-aa26-a350d8ba7f57</surl><status><statusCode>SRM_SUCCESS</statusCode></status></statusArray></arrayOfFileStatuses></srmReleaseFilesResponse></ns1:srmReleaseFilesResponse></SOAP-ENV:Body></SOAP-ENV:Envelope>HTTP/1.1 200 OK
Server: gSOAP/2.7
Content-Type: text/xml; charset=utf-8
Content-Length: 828
Connection: close

<?xml version="1.0" encoding="UTF-8"?>
<SOAP-ENV:Envelope xmlns:SOAP-ENV="http://schemas.xmlsoap.org/soap/envelope/" xmlns:SOAP-ENC="http://schemas.xmlsoap.org/soap/encoding/" xmlns:xsi="http://www.w3.org/2001/XMLSchema-instance" xmlns:xsd="http://www.w3.org/2001/XMLSchema" xmlns:ns1="http://srm.lbl.gov/StorageResourceManager"><SOAP-ENV:Body SOAP-ENV:encodingStyle="http://schemas.xmlsoap.org/soap/encoding/"><ns1:srmRmResponse><srmRmResponse><returnStatus><statusCode>SRM_SUCCESS</statusCode></returnStatus><arrayOfFileStatuses><statusArray><surl>srm://polgrid4.in2p3.fr/dpm/in2p3.fr/home/calice/generated/2012-08-27/file640079ec-49c2-4586-aa65-271b2a717016</surl><status><statusCode>SRM_SUCCESS</statusCode></status></statusArray></arrayOfFileStatuses></srmRmResponse></ns1:srmRmResponse></SOAP-ENV:Body></SOAP-ENV:Envelope>HTTP/1.1 200 OK
Server: gSOAP/2.7
Content-Type: text/xml; charset=utf-8
Content-Length: 828
Connection: close

<?xml version="1.0" encoding="UTF-8"?>
<SOAP-ENV:Envelope xmlns:SOAP-ENV="http://schemas.xmlsoap.org/soap/envelope/" xmlns:SOAP-ENC="http://schemas.xmlsoap.org/soap/encoding/" xmlns:xsi="http://www.w3.org/2001/XMLSchema-instance" xmlns:xsd="http://www.w3.org/2001/XMLSchema" xmlns:ns1="http://srm.lbl.gov/StorageResourceManager"><SOAP-ENV:Body SOAP-ENV:encodingStyle="http://schemas.xmlsoap.org/soap/encoding/"><ns1:srmRmResponse><srmRmResponse><returnStatus><statusCode>SRM_SUCCESS</statusCode></returnStatus><arrayOfFileStatuses><statusArray><surl>srm://polgrid4.in2p3.fr/dpm/in2p3.fr/home/calice/generated/2012-08-27/file6cdcad8c-9837-44bf-9bc0-676f6d2270bf</surl><status><statusCode>SRM_SUCCESS</statusCode></status></statusArray></arrayOfFileStatuses></srmRmResponse></ns1:srmRmResponse></SOAP-ENV:Body></SOAP-ENV:Envelope>HTTP/1.1 200 OK
Server: gSOAP/2.7
Content-Type: text/xml; charset=utf-8
Content-Length: 828
Connection: close

<?xml version="1.0" encoding="UTF-8"?>
<SOAP-ENV:Envelope xmlns:SOAP-ENV="http://schemas.xmlsoap.org/soap/envelope/" xmlns:SOAP-ENC="http://schemas.xmlsoap.org/soap/encoding/" xmlns:xsi="http://www.w3.org/2001/XMLSchema-instance" xmlns:xsd="http://www.w3.org/2001/XMLSchema" xmlns:ns1="http://srm.lbl.gov/StorageResourceManager"><SOAP-ENV:Body SOAP-ENV:encodingStyle="http://schemas.xmlsoap.org/soap/encoding/"><ns1:srmRmResponse><srmRmResponse><returnStatus><statusCode>SRM_SUCCESS</statusCode></returnStatus><arrayOfFileStatuses><statusArray><surl>srm://polgrid4.in2p3.fr/dpm/in2p3.fr/home/calice/generated/2012-08-28/file258e01a4-c530-41ee-9687-53603d9f849f</surl><status><statusCode>SRM_SUCCESS</statusCode></status></statusArray></arrayOfFileStatuses></srmRmResponse></ns1:srmRmResponse></SOAP-ENV:Body></SOAP-ENV:Envelope>HTTP/1.1 200 OK
Server: gSOAP/2.7
Content-Type: text/xml; charset=utf-8
Content-Length: 828
Connection: close

<?xml version="1.0" encoding="UTF-8"?>
<SOAP-ENV:Envelope xmlns:SOAP-ENV="http://schemas.xmlsoap.org/soap/envelope/" xmlns:SOAP-ENC="http://schemas.xmlsoap.org/soap/encoding/" xmlns:xsi="http://www.w3.org/2001/XMLSchema-instance" xmlns:xsd="http://www.w3.org/2001/XMLSchema" xmlns:ns1="http://srm.lbl.gov/StorageResourceManager"><SOAP-ENV:Body SOAP-ENV:encodingStyle="http://schemas.xmlsoap.org/soap/encoding/"><ns1:srmRmResponse><srmRmResponse><returnStatus><statusCode>SRM_SUCCESS</statusCode></returnStatus><arrayOfFileStatuses><statusArray><surl>srm://polgrid4.in2p3.fr/dpm/in2p3.fr/home/calice/generated/2012-08-28/file5d5a2871-acd0-4e20-b18f-47959434af27</surl><status><statusCode>SRM_SUCCESS</statusCode></status></statusArray></arrayOfFileStatuses></srmRmResponse></ns1:srmRmResponse></SOAP-ENV:Body></SOAP-ENV:Envelope>HTTP/1.1 200 OK
Server: gSOAP/2.7
Content-Type: text/xml; charset=utf-8
Content-Length: 828
Connection: close

<?xml version="1.0" encoding="UTF-8"?>
<SOAP-ENV:Envelope xmlns:SOAP-ENV="http://schemas.xmlsoap.org/soap/envelope/" xmlns:SOAP-ENC="http://schemas.xmlsoap.org/soap/encoding/" xmlns:xsi="http://www.w3.org/2001/XMLSchema-instance" xmlns:xsd="http://www.w3.org/2001/XMLSchema" xmlns:ns1="http://srm.lbl.gov/StorageResourceManager"><SOAP-ENV:Body SOAP-ENV:encodingStyle="http://schemas.xmlsoap.org/soap/encoding/"><ns1:srmRmResponse><srmRmResponse><returnStatus><statusCode>SRM_SUCCESS</statusCode></returnStatus><arrayOfFileStatuses><statusArray><surl>srm://polgrid4.in2p3.fr/dpm/in2p3.fr/home/calice/generated/2012-08-28/file70cc9430-5da9-4b39-8121-2d52e74b7510</surl><status><statusCode>SRM_SUCCESS</statusCode></status></statusArray></arrayOfFileStatuses></srmRmResponse></ns1:srmRmResponse></SOAP-ENV:Body></SOAP-ENV:Envelope>HTTP/1.1 200 OK
Server: gSOAP/2.7
Content-Type: text/xml; charset=utf-8
Content-Length: 828
Connection: close

<?xml version="1.0" encoding="UTF-8"?>
<SOAP-ENV:Envelope xmlns:SOAP-ENV="http://schemas.xmlsoap.org/soap/envelope/" xmlns:SOAP-ENC="http://schemas.xmlsoap.org/soap/encoding/" xmlns:xsi="http://www.w3.org/2001/XMLSchema-instance" xmlns:xsd="http://www.w3.org/2001/XMLSchema" xmlns:ns1="http://srm.lbl.gov/StorageResourceManager"><SOAP-ENV:Body SOAP-ENV:encodingStyle="http://schemas.xmlsoap.org/soap/encoding/"><ns1:srmRmResponse><srmRmResponse><returnStatus><statusCode>SRM_SUCCESS</statusCode></returnStatus><arrayOfFileStatuses><statusArray><surl>srm://polgrid4.in2p3.fr/dpm/in2p3.fr/home/calice/generated/2012-08-28/file6ddf5997-c6ac-4494-a33b-21dd80d5b45b</surl><status><statusCode>SRM_SUCCESS</statusCode></status></statusArray></arrayOfFileStatuses></srmRmResponse></ns1:srmRmResponse></SOAP-ENV:Body></SOAP-ENV:Envelope>HTTP/1.1 200 OK
Server: gSOAP/2.7
Content-Type: text/xml; charset=utf-8
Content-Length: 828
Connection: close

<?xml version="1.0" encoding="UTF-8"?>
<SOAP-ENV:Envelope xmlns:SOAP-ENV="http://schemas.xmlsoap.org/soap/envelope/" xmlns:SOAP-ENC="http://schemas.xmlsoap.org/soap/encoding/" xmlns:xsi="http://www.w3.org/2001/XMLSchema-instance" xmlns:xsd="http://www.w3.org/2001/XMLSchema" xmlns:ns1="http://srm.lbl.gov/StorageResourceManager"><SOAP-ENV:Body SOAP-ENV:encodingStyle="http://schemas.xmlsoap.org/soap/encoding/"><ns1:srmRmResponse><srmRmResponse><returnStatus><statusCode>SRM_SUCCESS</statusCode></returnStatus><arrayOfFileStatuses><statusArray><surl>srm://polgrid4.in2p3.fr/dpm/in2p3.fr/home/calice/generated/2012-08-28/file85b636d8-e311-4672-9f33-ca2aed6d3502</surl><status><statusCode>SRM_SUCCESS</statusCode></status></statusArray></arrayOfFileStatuses></srmRmResponse></ns1:srmRmResponse></SOAP-ENV:Body></SOAP-ENV:Envelope>HTTP/1.1 200 OK
Server: gSOAP/2.7
Content-Type: text/xml; charset=utf-8
Content-Length: 828
Connection: close

<?xml version="1.0" encoding="UTF-8"?>
<SOAP-ENV:Envelope xmlns:SOAP-ENV="http://schemas.xmlsoap.org/soap/envelope/" xmlns:SOAP-ENC="http://schemas.xmlsoap.org/soap/encoding/" xmlns:xsi="http://www.w3.org/2001/XMLSchema-instance" xmlns:xsd="http://www.w3.org/2001/XMLSchema" xmlns:ns1="http://srm.lbl.gov/StorageResourceManager"><SOAP-ENV:Body SOAP-ENV:encodingStyle="http://schemas.xmlsoap.org/soap/encoding/"><ns1:srmRmResponse><srmRmResponse><returnStatus><statusCode>SRM_SUCCESS</statusCode></returnStatus><arrayOfFileStatuses><statusArray><surl>srm://polgrid4.in2p3.fr/dpm/in2p3.fr/home/calice/generated/2012-08-28/file6fd48b7e-789e-42da-a4a2-415920d25abc</surl><status><statusCode>SRM_SUCCESS</statusCode></status></statusArray></arrayOfFileStatuses></srmRmResponse></ns1:srmRmResponse></SOAP-ENV:Body></SOAP-ENV:Envelope>HTTP/1.1 200 OK
Server: gSOAP/2.7
Content-Type: text/xml; charset=utf-8
Content-Length: 828
Connection: close

<?xml version="1.0" encoding="UTF-8"?>
<SOAP-ENV:Envelope xmlns:SOAP-ENV="http://schemas.xmlsoap.org/soap/envelope/" xmlns:SOAP-ENC="http://schemas.xmlsoap.org/soap/encoding/" xmlns:xsi="http://www.w3.org/2001/XMLSchema-instance" xmlns:xsd="http://www.w3.org/2001/XMLSchema" xmlns:ns1="http://srm.lbl.gov/StorageResourceManager"><SOAP-ENV:Body SOAP-ENV:encodingStyle="http://schemas.xmlsoap.org/soap/encoding/"><ns1:srmRmResponse><srmRmResponse><returnStatus><statusCode>SRM_SUCCESS</statusCode></returnStatus><arrayOfFileStatuses><statusArray><surl>srm://polgrid4.in2p3.fr/dpm/in2p3.fr/home/calice/generated/2012-08-28/filec134a077-c9cf-4cd9-8292-fc69aff2faab</surl><status><statusCode>SRM_SUCCESS</statusCode></status></statusArray></arrayOfFileStatuses></srmRmResponse></ns1:srmRmResponse></SOAP-ENV:Body></SOAP-ENV:Envelope>HTTP/1.1 200 OK
Server: gSOAP/2.7
Content-Type: text/xml; charset=utf-8
Content-Length: 828
Connection: close

<?xml version="1.0" encoding="UTF-8"?>
<SOAP-ENV:Envelope xmlns:SOAP-ENV="http://schemas.xmlsoap.org/soap/envelope/" xmlns:SOAP-ENC="http://schemas.xmlsoap.org/soap/encoding/" xmlns:xsi="http://www.w3.org/2001/XMLSchema-instance" xmlns:xsd="http://www.w3.org/2001/XMLSchema" xmlns:ns1="http://srm.lbl.gov/StorageResourceManager"><SOAP-ENV:Body SOAP-ENV:encodingStyle="http://schemas.xmlsoap.org/soap/encoding/"><ns1:srmRmResponse><srmRmResponse><returnStatus><statusCode>SRM_SUCCESS</statusCode></returnStatus><arrayOfFileStatuses><statusArray><surl>srm://polgrid4.in2p3.fr/dpm/in2p3.fr/home/calice/generated/2012-08-28/file6f21b5c9-cda6-4677-9d6b-e1c1ee8b785a</surl><status><statusCode>SRM_SUCCESS</statusCode></status></statusArray></arrayOfFileStatuses></srmRmResponse></ns1:srmRmResponse></SOAP-ENV:Body></SOAP-ENV:Envelope>HTTP/1.1 200 OK
Server: gSOAP/2.7
Content-Type: text/xml; charset=utf-8
Content-Length: 828
Connection: close

<?xml version="1.0" encoding="UTF-8"?>
<SOAP-ENV:Envelope xmlns:SOAP-ENV="http://schemas.xmlsoap.org/soap/envelope/" xmlns:SOAP-ENC="http://schemas.xmlsoap.org/soap/encoding/" xmlns:xsi="http://www.w3.org/2001/XMLSchema-instance" xmlns:xsd="http://www.w3.org/2001/XMLSchema" xmlns:ns1="http://srm.lbl.gov/StorageResourceManager"><SOAP-ENV:Body SOAP-ENV:encodingStyle="http://schemas.xmlsoap.org/soap/encoding/"><ns1:srmRmResponse><srmRmResponse><returnStatus><statusCode>SRM_SUCCESS</statusCode></returnStatus><arrayOfFileStatuses><statusArray><surl>srm://polgrid4.in2p3.fr/dpm/in2p3.fr/home/calice/generated/2012-08-28/filee1512dc3-6f50-49ad-91b3-2ae2ce063c67</surl><status><statusCode>SRM_SUCCESS</statusCode></status></statusArray></arrayOfFileStatuses></srmRmResponse></ns1:srmRmResponse></SOAP-ENV:Body></SOAP-ENV:Envelope>HTTP/1.1 200 OK
Server: gSOAP/2.7
Content-Type: text/xml; charset=utf-8
Content-Length: 828
Connection: close

<?xml version="1.0" encoding="UTF-8"?>
<SOAP-ENV:Envelope xmlns:SOAP-ENV="http://schemas.xmlsoap.org/soap/envelope/" xmlns:SOAP-ENC="http://schemas.xmlsoap.org/soap/encoding/" xmlns:xsi="http://www.w3.org/2001/XMLSchema-instance" xmlns:xsd="http://www.w3.org/2001/XMLSchema" xmlns:ns1="http://srm.lbl.gov/StorageResourceManager"><SOAP-ENV:Body SOAP-ENV:encodingStyle="http://schemas.xmlsoap.org/soap/encoding/"><ns1:srmRmResponse><srmRmResponse><returnStatus><statusCode>SRM_SUCCESS</statusCode></returnStatus><arrayOfFileStatuses><statusArray><surl>srm://polgrid4.in2p3.fr/dpm/in2p3.fr/home/calice/generated/2012-08-28/fileb2102bab-4db3-4845-8879-d7d9457b6f36</surl><status><statusCode>SRM_SUCCESS</statusCode></status></statusArray></arrayOfFileStatuses></srmRmResponse></ns1:srmRmResponse></SOAP-ENV:Body></SOAP-ENV:Envelope>HTTP/1.1 200 OK
Server: gSOAP/2.7
Content-Type: text/xml; charset=utf-8
Content-Length: 828
Connection: close

<?xml version="1.0" encoding="UTF-8"?>
<SOAP-ENV:Envelope xmlns:SOAP-ENV="http://schemas.xmlsoap.org/soap/envelope/" xmlns:SOAP-ENC="http://schemas.xmlsoap.org/soap/encoding/" xmlns:xsi="http://www.w3.org/2001/XMLSchema-instance" xmlns:xsd="http://www.w3.org/2001/XMLSchema" xmlns:ns1="http://srm.lbl.gov/StorageResourceManager"><SOAP-ENV:Body SOAP-ENV:encodingStyle="http://schemas.xmlsoap.org/soap/encoding/"><ns1:srmRmResponse><srmRmResponse><returnStatus><statusCode>SRM_SUCCESS</statusCode></returnStatus><arrayOfFileStatuses><statusArray><surl>srm://polgrid4.in2p3.fr/dpm/in2p3.fr/home/calice/generated/2012-08-28/file2b34bc6c-3674-431c-b934-ae77f6b062c8</surl><status><statusCode>SRM_SUCCESS</statusCode></status></statusArray></arrayOfFileStatuses></srmRmResponse></ns1:srmRmResponse></SOAP-ENV:Body></SOAP-ENV:Envelope>HTTP/1.1 200 OK
Server: gSOAP/2.7
Content-Type: text/xml; charset=utf-8
Content-Length: 828
Connection: close

<?xml version="1.0" encoding="UTF-8"?>
<SOAP-ENV:Envelope xmlns:SOAP-ENV="http://schemas.xmlsoap.org/soap/envelope/" xmlns:SOAP-ENC="http://schemas.xmlsoap.org/soap/encoding/" xmlns:xsi="http://www.w3.org/2001/XMLSchema-instance" xmlns:xsd="http://www.w3.org/2001/XMLSchema" xmlns:ns1="http://srm.lbl.gov/StorageResourceManager"><SOAP-ENV:Body SOAP-ENV:encodingStyle="http://schemas.xmlsoap.org/soap/encoding/"><ns1:srmRmResponse><srmRmResponse><returnStatus><statusCode>SRM_SUCCESS</statusCode></returnStatus><arrayOfFileStatuses><statusArray><surl>srm://polgrid4.in2p3.fr/dpm/in2p3.fr/home/calice/generated/2012-08-28/file6a930848-0f5a-4f91-910b-f451ccc8b61a</surl><status><statusCode>SRM_SUCCESS</statusCode></status></statusArray></arrayOfFileStatuses></srmRmResponse></ns1:srmRmResponse></SOAP-ENV:Body></SOAP-ENV:Envelope>HTTP/1.1 200 OK
Server: gSOAP/2.7
Content-Type: text/xml; charset=utf-8
Content-Length: 828
Connection: close

<?xml version="1.0" encoding="UTF-8"?>
<SOAP-ENV:Envelope xmlns:SOAP-ENV="http://schemas.xmlsoap.org/soap/envelope/" xmlns:SOAP-ENC="http://schemas.xmlsoap.org/soap/encoding/" xmlns:xsi="http://www.w3.org/2001/XMLSchema-instance" xmlns:xsd="http://www.w3.org/2001/XMLSchema" xmlns:ns1="http://srm.lbl.gov/StorageResourceManager"><SOAP-ENV:Body SOAP-ENV:encodingStyle="http://schemas.xmlsoap.org/soap/encoding/"><ns1:srmRmResponse><srmRmResponse><returnStatus><statusCode>SRM_SUCCESS</statusCode></returnStatus><arrayOfFileStatuses><statusArray><surl>srm://polgrid4.in2p3.fr/dpm/in2p3.fr/home/calice/generated/2012-08-28/file5c39fd71-d3bc-4a27-9c7f-6bd13ae3f366</surl><status><statusCode>SRM_SUCCESS</statusCode></status></statusArray></arrayOfFileStatuses></srmRmResponse></ns1:srmRmResponse></SOAP-ENV:Body></SOAP-ENV:Envelope>HTTP/1.1 200 OK
Server: gSOAP/2.7
Content-Type: text/xml; charset=utf-8
Content-Length: 828
Connection: close

<?xml version="1.0" encoding="UTF-8"?>
<SOAP-ENV:Envelope xmlns:SOAP-ENV="http://schemas.xmlsoap.org/soap/envelope/" xmlns:SOAP-ENC="http://schemas.xmlsoap.org/soap/encoding/" xmlns:xsi="http://www.w3.org/2001/XMLSchema-instance" xmlns:xsd="http://www.w3.org/2001/XMLSchema" xmlns:ns1="http://srm.lbl.gov/StorageResourceManager"><SOAP-ENV:Body SOAP-ENV:encodingStyle="http://schemas.xmlsoap.org/soap/encoding/"><ns1:srmRmResponse><srmRmResponse><returnStatus><statusCode>SRM_SUCCESS</statusCode></returnStatus><arrayOfFileStatuses><statusArray><surl>srm://polgrid4.in2p3.fr/dpm/in2p3.fr/home/calice/generated/2012-08-28/filec862242e-f5cd-4f34-b177-c73f4d7d9a7d</surl><status><statusCode>SRM_SUCCESS</statusCode></status></statusArray></arrayOfFileStatuses></srmRmResponse></ns1:srmRmResponse></SOAP-ENV:Body></SOAP-ENV:Envelope>HTTP/1.1 200 OK
Server: gSOAP/2.7
Content-Type: text/xml; charset=utf-8
Content-Length: 594
Connection: close

<?xml version="1.0" encoding="UTF-8"?>
<SOAP-ENV:Envelope xmlns:SOAP-ENV="http://schemas.xmlsoap.org/soap/envelope/" xmlns:SOAP-ENC="http://schemas.xmlsoap.org/soap/encoding/" xmlns:xsi="http://www.w3.org/2001/XMLSchema-instance" xmlns:xsd="http://www.w3.org/2001/XMLSchema" xmlns:ns1="http://srm.lbl.gov/StorageResourceManager"><SOAP-ENV:Body SOAP-ENV:encodingStyle="http://schemas.xmlsoap.org/soap/encoding/"><ns1:srmMkdirResponse><srmMkdirResponse><returnStatus><statusCode>SRM_SUCCESS</statusCode></returnStatus></srmMkdirResponse></ns1:srmMkdirResponse></SOAP-ENV:Body></SOAP-ENV:Envelope>HTTP/1.1 200 OK
Server: gSOAP/2.7
Content-Type: text/xml; charset=utf-8
Content-Length: 947
Connection: close

<?xml version="1.0" encoding="UTF-8"?>
<SOAP-ENV:Envelope xmlns:SOAP-ENV="http://schemas.xmlsoap.org/soap/envelope/" xmlns:SOAP-ENC="http://schemas.xmlsoap.org/soap/encoding/" xmlns:xsi="http://www.w3.org/2001/XMLSchema-instance" xmlns:xsd="http://www.w3.org/2001/XMLSchema" xmlns:ns1="http://srm.lbl.gov/StorageResourceManager"><SOAP-ENV:Body SOAP-ENV:encodingStyle="http://schemas.xmlsoap.org/soap/encoding/"><ns1:srmPrepareToPutResponse><srmPrepareToPutResponse><returnStatus><statusCode>SRM_REQUEST_QUEUED</statusCode></returnStatus><requestToken>206bd626-024e-45a7-a7bc-93d80a894327</requestToken><arrayOfFileStatuses><statusArray><SURL>srm://polgrid4.in2p3.fr/dpm/in2p3.fr/home/calice/generated/2012-08-29/file6ef356ae-1b50-4ab8-9da2-9123f661a469</SURL><status><statusCode>SRM_REQUEST_QUEUED</statusCode></status></statusArray></arrayOfFileStatuses></srmPrepareToPutResponse></ns1:srmPrepareToPutResponse></SOAP-ENV:Body></SOAP-ENV:Envelope>HTTP/1.1 200 OK
Server: gSOAP/2.7
Content-Type: text/xml; charset=utf-8
Content-Length: 1169
Connection: close

<?xml version="1.0" encoding="UTF-8"?>
<SOAP-ENV:Envelope xmlns:SOAP-ENV="http://schemas.xmlsoap.org/soap/envelope/" xmlns:SOAP-ENC="http://schemas.xmlsoap.org/soap/encoding/" xmlns:xsi="http://www.w3.org/2001/XMLSchema-instance" xmlns:xsd="http://www.w3.org/2001/XMLSchema" xmlns:ns1="http://srm.lbl.gov/StorageResourceManager"><SOAP-ENV:Body SOAP-ENV:encodingStyle="http://schemas.xmlsoap.org/soap/encoding/"><ns1:srmStatusOfPutRequestResponse><srmStatusOfPutRequestResponse><returnStatus><statusCode>SRM_SUCCESS</statusCode></returnStatus><arrayOfFileStatuses><statusArray><SURL>srm://polgrid4.in2p3.fr/dpm/in2p3.fr/home/calice/generated/2012-08-29/file6ef356ae-1b50-4ab8-9da2-9123f661a469</SURL><status><statusCode>SRM_SPACE_AVAILABLE</statusCode></status><fileSize>0</fileSize><remainingPinLifetime>7195</remainingPinLifetime><remainingFileLifetime>0</remainingFileLifetime><transferURL>gsiftp://polgrfs15.in2p3.fr/polgrfs15.in2p3.fr:/data2/calice/2012-08-29/file6ef356ae-1b50-4ab8-9da2-9123f661a469.40153797.0</transferURL></statusArray></arrayOfFileStatuses></srmStatusOfPutRequestResponse></ns1:srmStatusOfPutRequestResponse></SOAP-ENV:Body></SOAP-ENV:Envelope>HTTP/1.1 200 OK
Server: gSOAP/2.7
Content-Type: text/xml; charset=utf-8
Content-Length: 848
Connection: close

<?xml version="1.0" encoding="UTF-8"?>
<SOAP-ENV:Envelope xmlns:SOAP-ENV="http://schemas.xmlsoap.org/soap/envelope/" xmlns:SOAP-ENC="http://schemas.xmlsoap.org/soap/encoding/" xmlns:xsi="http://www.w3.org/2001/XMLSchema-instance" xmlns:xsd="http://www.w3.org/2001/XMLSchema" xmlns:ns1="http://srm.lbl.gov/StorageResourceManager"><SOAP-ENV:Body SOAP-ENV:encodingStyle="http://schemas.xmlsoap.org/soap/encoding/"><ns1:srmPutDoneResponse><srmPutDoneResponse><returnStatus><statusCode>SRM_SUCCESS</statusCode></returnStatus><arrayOfFileStatuses><statusArray><surl>srm://polgrid4.in2p3.fr/dpm/in2p3.fr/home/calice/generated/2012-08-29/file6ef356ae-1b50-4ab8-9da2-9123f661a469</surl><status><statusCode>SRM_SUCCESS</statusCode></status></statusArray></arrayOfFileStatuses></srmPutDoneResponse></ns1:srmPutDoneResponse></SOAP-ENV:Body></SOAP-ENV:Envelope>HTTP/1.1 200 OK
Server: gSOAP/2.7
Content-Type: text/xml; charset=utf-8
Content-Length: 1276
Connection: close

<?xml version="1.0" encoding="UTF-8"?>
<SOAP-ENV:Envelope xmlns:SOAP-ENV="http://schemas.xmlsoap.org/soap/envelope/" xmlns:SOAP-ENC="http://schemas.xmlsoap.org/soap/encoding/" xmlns:xsi="http://www.w3.org/2001/XMLSchema-instance" xmlns:xsd="http://www.w3.org/2001/XMLSchema" xmlns:ns1="http://srm.lbl.gov/StorageResourceManager"><SOAP-ENV:Body SOAP-ENV:encodingStyle="http://schemas.xmlsoap.org/soap/encoding/"><ns1:srmLsResponse><srmLsResponse><returnStatus><statusCode>SRM_SUCCESS</statusCode></returnStatus><details><pathDetailArray><path>/dpm/in2p3.fr/home/calice/generated/2012-08-29/file6ef356ae-1b50-4ab8-9da2-9123f661a469</path><status><statusCode>SRM_SUCCESS</statusCode></status><size>1541038</size><createdAtTime>2012-08-28T23:24:59Z</createdAtTime><lastModificationTime>2012-08-28T23:24:59Z</lastModificationTime><fileStorageType>PERMANENT</fileStorageType><fileLocality>ONLINE</fileLocality><type>FILE</type><lifetimeLeft>-1</lifetimeLeft><ownerPermission><userID>/O=GRID-FR/C=FR/O=CNRS/OU=LLR/CN=Yacine Haddad</userID><mode>RW</mode></ownerPermission><groupPermission><groupID>calice</groupID><mode>RW</mode></groupPermission><otherPermission>R</otherPermission></pathDetailArray></details></srmLsResponse></ns1:srmLsResponse></SOAP-ENV:Body></SOAP-ENV:Envelope>HTTP/1.1 200 OK
Server: gSOAP/2.7
Content-Type: text/xml; charset=utf-8
Content-Length: 642
Connection: close

<?xml version="1.0" encoding="UTF-8"?>
<SOAP-ENV:Envelope xmlns:SOAP-ENV="http://schemas.xmlsoap.org/soap/envelope/" xmlns:SOAP-ENC="http://schemas.xmlsoap.org/soap/encoding/" xmlns:xsi="http://www.w3.org/2001/XMLSchema-instance" xmlns:xsd="http://www.w3.org/2001/XMLSchema" xmlns:ns1="http://srm.lbl.gov/StorageResourceManager"><SOAP-ENV:Body SOAP-ENV:encodingStyle="http://schemas.xmlsoap.org/soap/encoding/"><ns1:srmMkdirResponse><srmMkdirResponse><returnStatus><statusCode>SRM_DUPLICATION_ERROR</statusCode><explanation>File exists</explanation></returnStatus></srmMkdirResponse></ns1:srmMkdirResponse></SOAP-ENV:Body></SOAP-ENV:Envelope>HTTP/1.1 200 OK
Server: gSOAP/2.7
Content-Type: text/xml; charset=utf-8
Content-Length: 947
Connection: close

<?xml version="1.0" encoding="UTF-8"?>
<SOAP-ENV:Envelope xmlns:SOAP-ENV="http://schemas.xmlsoap.org/soap/envelope/" xmlns:SOAP-ENC="http://schemas.xmlsoap.org/soap/encoding/" xmlns:xsi="http://www.w3.org/2001/XMLSchema-instance" xmlns:xsd="http://www.w3.org/2001/XMLSchema" xmlns:ns1="http://srm.lbl.gov/StorageResourceManager"><SOAP-ENV:Body SOAP-ENV:encodingStyle="http://schemas.xmlsoap.org/soap/encoding/"><ns1:srmPrepareToPutResponse><srmPrepareToPutResponse><returnStatus><statusCode>SRM_REQUEST_QUEUED</statusCode></returnStatus><requestToken>105186c0-08c6-4c8a-b62c-0af8bf788567</requestToken><arrayOfFileStatuses><statusArray><SURL>srm://polgrid4.in2p3.fr/dpm/in2p3.fr/home/calice/generated/2012-08-29/filec29ff6a4-d898-41e9-9924-a99f4b29ca0b</SURL><status><statusCode>SRM_REQUEST_QUEUED</statusCode></status></statusArray></arrayOfFileStatuses></srmPrepareToPutResponse></ns1:srmPrepareToPutResponse></SOAP-ENV:Body></SOAP-ENV:Envelope>HTTP/1.1 200 OK
Server: gSOAP/2.7
Content-Type: text/xml; charset=utf-8
Content-Length: 1169
Connection: close

<?xml version="1.0" encoding="UTF-8"?>
<SOAP-ENV:Envelope xmlns:SOAP-ENV="http://schemas.xmlsoap.org/soap/envelope/" xmlns:SOAP-ENC="http://schemas.xmlsoap.org/soap/encoding/" xmlns:xsi="http://www.w3.org/2001/XMLSchema-instance" xmlns:xsd="http://www.w3.org/2001/XMLSchema" xmlns:ns1="http://srm.lbl.gov/StorageResourceManager"><SOAP-ENV:Body SOAP-ENV:encodingStyle="http://schemas.xmlsoap.org/soap/encoding/"><ns1:srmStatusOfPutRequestResponse><srmStatusOfPutRequestResponse><returnStatus><statusCode>SRM_SUCCESS</statusCode></returnStatus><arrayOfFileStatuses><statusArray><SURL>srm://polgrid4.in2p3.fr/dpm/in2p3.fr/home/calice/generated/2012-08-29/filec29ff6a4-d898-41e9-9924-a99f4b29ca0b</SURL><status><statusCode>SRM_SPACE_AVAILABLE</statusCode></status><fileSize>0</fileSize><remainingPinLifetime>7195</remainingPinLifetime><remainingFileLifetime>0</remainingFileLifetime><transferURL>gsiftp://polgrfs01.in2p3.fr/polgrfs01.in2p3.fr:/data8/calice/2012-08-29/filec29ff6a4-d898-41e9-9924-a99f4b29ca0b.40155726.0</transferURL></statusArray></arrayOfFileStatuses></srmStatusOfPutRequestResponse></ns1:srmStatusOfPutRequestResponse></SOAP-ENV:Body></SOAP-ENV:Envelope>HTTP/1.1 200 OK
Server: gSOAP/2.7
Content-Type: text/xml; charset=utf-8
Content-Length: 848
Connection: close

<?xml version="1.0" encoding="UTF-8"?>
<SOAP-ENV:Envelope xmlns:SOAP-ENV="http://schemas.xmlsoap.org/soap/envelope/" xmlns:SOAP-ENC="http://schemas.xmlsoap.org/soap/encoding/" xmlns:xsi="http://www.w3.org/2001/XMLSchema-instance" xmlns:xsd="http://www.w3.org/2001/XMLSchema" xmlns:ns1="http://srm.lbl.gov/StorageResourceManager"><SOAP-ENV:Body SOAP-ENV:encodingStyle="http://schemas.xmlsoap.org/soap/encoding/"><ns1:srmPutDoneResponse><srmPutDoneResponse><returnStatus><statusCode>SRM_SUCCESS</statusCode></returnStatus><arrayOfFileStatuses><statusArray><surl>srm://polgrid4.in2p3.fr/dpm/in2p3.fr/home/calice/generated/2012-08-29/filec29ff6a4-d898-41e9-9924-a99f4b29ca0b</surl><status><statusCode>SRM_SUCCESS</statusCode></status></statusArray></arrayOfFileStatuses></srmPutDoneResponse></ns1:srmPutDoneResponse></SOAP-ENV:Body></SOAP-ENV:Envelope>HTTP/1.1 200 OK
Server: gSOAP/2.7
Content-Type: text/xml; charset=utf-8
Content-Length: 1273
Connection: close

<?xml version="1.0" encoding="UTF-8"?>
<SOAP-ENV:Envelope xmlns:SOAP-ENV="http://schemas.xmlsoap.org/soap/envelope/" xmlns:SOAP-ENC="http://schemas.xmlsoap.org/soap/encoding/" xmlns:xsi="http://www.w3.org/2001/XMLSchema-instance" xmlns:xsd="http://www.w3.org/2001/XMLSchema" xmlns:ns1="http://srm.lbl.gov/StorageResourceManager"><SOAP-ENV:Body SOAP-ENV:encodingStyle="http://schemas.xmlsoap.org/soap/encoding/"><ns1:srmLsResponse><srmLsResponse><returnStatus><statusCode>SRM_SUCCESS</statusCode></returnStatus><details><pathDetailArray><path>/dpm/in2p3.fr/home/calice/generated/2012-08-29/filec29ff6a4-d898-41e9-9924-a99f4b29ca0b</path><status><statusCode>SRM_SUCCESS</statusCode></status><size>3892</size><createdAtTime>2012-08-28T23:44:17Z</createdAtTime><lastModificationTime>2012-08-28T23:44:17Z</lastModificationTime><fileStorageType>PERMANENT</fileStorageType><fileLocality>ONLINE</fileLocality><type>FILE</type><lifetimeLeft>-1</lifetimeLeft><ownerPermission><userID>/O=GRID-FR/C=FR/O=CNRS/OU=LLR/CN=Yacine Haddad</userID><mode>RW</mode></ownerPermission><groupPermission><groupID>calice</groupID><mode>RW</mode></groupPermission><otherPermission>R</otherPermission></pathDetailArray></details></srmLsResponse></ns1:srmLsResponse></SOAP-ENV:Body></SOAP-ENV:Envelope>HTTP/1.1 200 OK
Server: gSOAP/2.7
Content-Type: text/xml; charset=utf-8
Content-Length: 828
Connection: close

<?xml version="1.0" encoding="UTF-8"?>
<SOAP-ENV:Envelope xmlns:SOAP-ENV="http://schemas.xmlsoap.org/soap/envelope/" xmlns:SOAP-ENC="http://schemas.xmlsoap.org/soap/encoding/" xmlns:xsi="http://www.w3.org/2001/XMLSchema-instance" xmlns:xsd="http://www.w3.org/2001/XMLSchema" xmlns:ns1="http://srm.lbl.gov/StorageResourceManager"><SOAP-ENV:Body SOAP-ENV:encodingStyle="http://schemas.xmlsoap.org/soap/encoding/"><ns1:srmRmResponse><srmRmResponse><returnStatus><statusCode>SRM_SUCCESS</statusCode></returnStatus><arrayOfFileStatuses><statusArray><surl>srm://polgrid4.in2p3.fr/dpm/in2p3.fr/home/calice/generated/2012-08-29/file9dbf98c5-ee69-4307-a62c-e22801cc8b27</surl><status><statusCode>SRM_SUCCESS</statusCode></status></statusArray></arrayOfFileStatuses></srmRmResponse></ns1:srmRmResponse></SOAP-ENV:Body></SOAP-ENV:Envelope>HTTP/1.1 200 OK
Server: gSOAP/2.7
Content-Type: text/xml; charset=utf-8
Content-Length: 1278
Connection: close

<?xml version="1.0" encoding="UTF-8"?>
<SOAP-ENV:Envelope xmlns:SOAP-ENV="http://schemas.xmlsoap.org/soap/envelope/" xmlns:SOAP-ENC="http://schemas.xmlsoap.org/soap/encoding/" xmlns:xsi="http://www.w3.org/2001/XMLSchema-instance" xmlns:xsd="http://www.w3.org/2001/XMLSchema" xmlns:ns1="http://srm.lbl.gov/StorageResourceManager"><SOAP-ENV:Body SOAP-ENV:encodingStyle="http://schemas.xmlsoap.org/soap/encoding/"><ns1:srmLsResponse><srmLsResponse><returnStatus><statusCode>SRM_SUCCESS</statusCode></returnStatus><details><pathDetailArray><path>/dpm/in2p3.fr/home/calice/generated/2012-08-29/file1e7b49aa-cddd-4968-b839-c2aadd4a4e85</path><status><statusCode>SRM_SUCCESS</statusCode></status><size>138411640</size><createdAtTime>2012-08-29T19:29:19Z</createdAtTime><lastModificationTime>2012-08-29T19:29:19Z</lastModificationTime><fileStorageType>PERMANENT</fileStorageType><fileLocality>ONLINE</fileLocality><type>FILE</type><lifetimeLeft>-1</lifetimeLeft><ownerPermission><userID>/O=GRID-FR/C=FR/O=CNRS/OU=LLR/CN=Yacine Haddad</userID><mode>RW</mode></ownerPermission><groupPermission><groupID>calice</groupID><mode>RW</mode></groupPermission><otherPermission>R</otherPermission></pathDetailArray></details></srmLsResponse></ns1:srmLsResponse></SOAP-ENV:Body></SOAP-ENV:Envelope>HTTP/1.1 200 OK
Server: gSOAP/2.7
Content-Type: text/xml; charset=utf-8
Content-Length: 959
Connection: close

<?xml version="1.0" encoding="UTF-8"?>
<SOAP-ENV:Envelope xmlns:SOAP-ENV="http://schemas.xmlsoap.org/soap/envelope/" xmlns:SOAP-ENC="http://schemas.xmlsoap.org/soap/encoding/" xmlns:xsi="http://www.w3.org/2001/XMLSchema-instance" xmlns:xsd="http://www.w3.org/2001/XMLSchema" xmlns:ns1="http://srm.lbl.gov/StorageResourceManager"><SOAP-ENV:Body SOAP-ENV:encodingStyle="http://schemas.xmlsoap.org/soap/encoding/"><ns1:srmPrepareToGetResponse><srmPrepareToGetResponse><returnStatus><statusCode>SRM_REQUEST_QUEUED</statusCode></returnStatus><requestToken>9849a3cb-b9ec-4395-bd5c-acf31bd978be</requestToken><arrayOfFileStatuses><statusArray><sourceSURL>srm://polgrid4.in2p3.fr/dpm/in2p3.fr/home/calice/generated/2012-08-29/file1e7b49aa-cddd-4968-b839-c2aadd4a4e85</sourceSURL><status><statusCode>SRM_REQUEST_QUEUED</statusCode></status></statusArray></arrayOfFileStatuses></srmPrepareToGetResponse></ns1:srmPrepareToGetResponse></SOAP-ENV:Body></SOAP-ENV:Envelope>HTTP/1.1 200 OK
Server: gSOAP/2.7
Content-Type: text/xml; charset=utf-8
Content-Length: 1129
Connection: close

<?xml version="1.0" encoding="UTF-8"?>
<SOAP-ENV:Envelope xmlns:SOAP-ENV="http://schemas.xmlsoap.org/soap/envelope/" xmlns:SOAP-ENC="http://schemas.xmlsoap.org/soap/encoding/" xmlns:xsi="http://www.w3.org/2001/XMLSchema-instance" xmlns:xsd="http://www.w3.org/2001/XMLSchema" xmlns:ns1="http://srm.lbl.gov/StorageResourceManager"><SOAP-ENV:Body SOAP-ENV:encodingStyle="http://schemas.xmlsoap.org/soap/encoding/"><ns1:srmStatusOfGetRequestResponse><srmStatusOfGetRequestResponse><returnStatus><statusCode>SRM_SUCCESS</statusCode></returnStatus><arrayOfFileStatuses><statusArray><sourceSURL>srm://polgrid4.in2p3.fr/dpm/in2p3.fr/home/calice/generated/2012-08-29/file1e7b49aa-cddd-4968-b839-c2aadd4a4e85</sourceSURL><fileSize>138411640</fileSize><status><statusCode>SRM_FILE_PINNED</statusCode></status><remainingPinTime>7195</remainingPinTime><transferURL>gsiftp://polgrfs15.in2p3.fr/polgrfs15.in2p3.fr:/data2/calice/2012-08-29/file1e7b49aa-cddd-4968-b839-c2aadd4a4e85.40186078.0</transferURL></statusArray></arrayOfFileStatuses></srmStatusOfGetRequestResponse></ns1:srmStatusOfGetRequestResponse></SOAP-ENV:Body></SOAP-ENV:Envelope>HTTP/1.1 200 OK
Server: gSOAP/2.7
Content-Type: text/xml; charset=utf-8
Content-Length: 868
Connection: close

<?xml version="1.0" encoding="UTF-8"?>
<SOAP-ENV:Envelope xmlns:SOAP-ENV="http://schemas.xmlsoap.org/soap/envelope/" xmlns:SOAP-ENC="http://schemas.xmlsoap.org/soap/encoding/" xmlns:xsi="http://www.w3.org/2001/XMLSchema-instance" xmlns:xsd="http://www.w3.org/2001/XMLSchema" xmlns:ns1="http://srm.lbl.gov/StorageResourceManager"><SOAP-ENV:Body SOAP-ENV:encodingStyle="http://schemas.xmlsoap.org/soap/encoding/"><ns1:srmReleaseFilesResponse><srmReleaseFilesResponse><returnStatus><statusCode>SRM_SUCCESS</statusCode></returnStatus><arrayOfFileStatuses><statusArray><surl>srm://polgrid4.in2p3.fr/dpm/in2p3.fr/home/calice/generated/2012-08-29/file1e7b49aa-cddd-4968-b839-c2aadd4a4e85</surl><status><statusCode>SRM_SUCCESS</statusCode></status></statusArray></arrayOfFileStatuses></srmReleaseFilesResponse></ns1:srmReleaseFilesResponse></SOAP-ENV:Body></SOAP-ENV:Envelope>HTTP/1.1 200 OK
Server: gSOAP/2.7
Content-Type: text/xml; charset=utf-8
Content-Length: 828
Connection: close

<?xml version="1.0" encoding="UTF-8"?>
<SOAP-ENV:Envelope xmlns:SOAP-ENV="http://schemas.xmlsoap.org/soap/envelope/" xmlns:SOAP-ENC="http://schemas.xmlsoap.org/soap/encoding/" xmlns:xsi="http://www.w3.org/2001/XMLSchema-instance" xmlns:xsd="http://www.w3.org/2001/XMLSchema" xmlns:ns1="http://srm.lbl.gov/StorageResourceManager"><SOAP-ENV:Body SOAP-ENV:encodingStyle="http://schemas.xmlsoap.org/soap/encoding/"><ns1:srmRmResponse><srmRmResponse><returnStatus><statusCode>SRM_SUCCESS</statusCode></returnStatus><arrayOfFileStatuses><statusArray><surl>srm://polgrid4.in2p3.fr/dpm/in2p3.fr/home/calice/generated/2012-09-01/file681a4dfd-ba0f-48a5-af64-d224b33b9dfe</surl><status><statusCode>SRM_SUCCESS</statusCode></status></statusArray></arrayOfFileStatuses></srmRmResponse></ns1:srmRmResponse></SOAP-ENV:Body></SOAP-ENV:Envelope>HTTP/1.1 200 OK
Server: gSOAP/2.7
Content-Type: text/xml; charset=utf-8
Content-Length: 1278
Connection: close

<?xml version="1.0" encoding="UTF-8"?>
<SOAP-ENV:Envelope xmlns:SOAP-ENV="http://schemas.xmlsoap.org/soap/envelope/" xmlns:SOAP-ENC="http://schemas.xmlsoap.org/soap/encoding/" xmlns:xsi="http://www.w3.org/2001/XMLSchema-instance" xmlns:xsd="http://www.w3.org/2001/XMLSchema" xmlns:ns1="http://srm.lbl.gov/StorageResourceManager"><SOAP-ENV:Body SOAP-ENV:encodingStyle="http://schemas.xmlsoap.org/soap/encoding/"><ns1:srmLsResponse><srmLsResponse><returnStatus><statusCode>SRM_SUCCESS</statusCode></returnStatus><details><pathDetailArray><path>/dpm/in2p3.fr/home/calice/generated/2012-09-05/file7c3a55ec-655c-4a02-9fbc-d8a2f7bba19c</path><status><statusCode>SRM_SUCCESS</statusCode></status><size>911346612</size><createdAtTime>2012-09-05T14:00:31Z</createdAtTime><lastModificationTime>2012-09-05T14:00:31Z</lastModificationTime><fileStorageType>PERMANENT</fileStorageType><fileLocality>ONLINE</fileLocality><type>FILE</type><lifetimeLeft>-1</lifetimeLeft><ownerPermission><userID>/O=GRID-FR/C=FR/O=CNRS/OU=LLR/CN=Yacine Haddad</userID><mode>RW</mode></ownerPermission><groupPermission><groupID>calice</groupID><mode>RW</mode></groupPermission><otherPermission>R</otherPermission></pathDetailArray></details></srmLsResponse></ns1:srmLsResponse></SOAP-ENV:Body></SOAP-ENV:Envelope>HTTP/1.1 200 OK
Server: gSOAP/2.7
Content-Type: text/xml; charset=utf-8
Content-Length: 959
Connection: close

<?xml version="1.0" encoding="UTF-8"?>
<SOAP-ENV:Envelope xmlns:SOAP-ENV="http://schemas.xmlsoap.org/soap/envelope/" xmlns:SOAP-ENC="http://schemas.xmlsoap.org/soap/encoding/" xmlns:xsi="http://www.w3.org/2001/XMLSchema-instance" xmlns:xsd="http://www.w3.org/2001/XMLSchema" xmlns:ns1="http://srm.lbl.gov/StorageResourceManager"><SOAP-ENV:Body SOAP-ENV:encodingStyle="http://schemas.xmlsoap.org/soap/encoding/"><ns1:srmPrepareToGetResponse><srmPrepareToGetResponse><returnStatus><statusCode>SRM_REQUEST_QUEUED</statusCode></returnStatus><requestToken>ca4843e9-638d-4963-8865-0dbcc0a7da07</requestToken><arrayOfFileStatuses><statusArray><sourceSURL>srm://polgrid4.in2p3.fr/dpm/in2p3.fr/home/calice/generated/2012-09-05/file7c3a55ec-655c-4a02-9fbc-d8a2f7bba19c</sourceSURL><status><statusCode>SRM_REQUEST_QUEUED</statusCode></status></statusArray></arrayOfFileStatuses></srmPrepareToGetResponse></ns1:srmPrepareToGetResponse></SOAP-ENV:Body></SOAP-ENV:Envelope>HTTP/1.1 200 OK
Server: gSOAP/2.7
Content-Type: text/xml; charset=utf-8
Content-Length: 1129
Connection: close

<?xml version="1.0" encoding="UTF-8"?>
<SOAP-ENV:Envelope xmlns:SOAP-ENV="http://schemas.xmlsoap.org/soap/envelope/" xmlns:SOAP-ENC="http://schemas.xmlsoap.org/soap/encoding/" xmlns:xsi="http://www.w3.org/2001/XMLSchema-instance" xmlns:xsd="http://www.w3.org/2001/XMLSchema" xmlns:ns1="http://srm.lbl.gov/StorageResourceManager"><SOAP-ENV:Body SOAP-ENV:encodingStyle="http://schemas.xmlsoap.org/soap/encoding/"><ns1:srmStatusOfGetRequestResponse><srmStatusOfGetRequestResponse><returnStatus><statusCode>SRM_SUCCESS</statusCode></returnStatus><arrayOfFileStatuses><statusArray><sourceSURL>srm://polgrid4.in2p3.fr/dpm/in2p3.fr/home/calice/generated/2012-09-05/file7c3a55ec-655c-4a02-9fbc-d8a2f7bba19c</sourceSURL><fileSize>911346612</fileSize><status><statusCode>SRM_FILE_PINNED</statusCode></status><remainingPinTime>7195</remainingPinTime><transferURL>gsiftp://polgrfs15.in2p3.fr/polgrfs15.in2p3.fr:/data2/calice/2012-09-05/file7c3a55ec-655c-4a02-9fbc-d8a2f7bba19c.40348595.0</transferURL></statusArray></arrayOfFileStatuses></srmStatusOfGetRequestResponse></ns1:srmStatusOfGetRequestResponse></SOAP-ENV:Body></SOAP-ENV:Envelope>HTTP/1.1 200 OK
Server: gSOAP/2.7
Content-Type: text/xml; charset=utf-8
Content-Length: 868
Connection: close

<?xml version="1.0" encoding="UTF-8"?>
<SOAP-ENV:Envelope xmlns:SOAP-ENV="http://schemas.xmlsoap.org/soap/envelope/" xmlns:SOAP-ENC="http://schemas.xmlsoap.org/soap/encoding/" xmlns:xsi="http://www.w3.org/2001/XMLSchema-instance" xmlns:xsd="http://www.w3.org/2001/XMLSchema" xmlns:ns1="http://srm.lbl.gov/StorageResourceManager"><SOAP-ENV:Body SOAP-ENV:encodingStyle="http://schemas.xmlsoap.org/soap/encoding/"><ns1:srmReleaseFilesResponse><srmReleaseFilesResponse><returnStatus><statusCode>SRM_SUCCESS</statusCode></returnStatus><arrayOfFileStatuses><statusArray><surl>srm://polgrid4.in2p3.fr/dpm/in2p3.fr/home/calice/generated/2012-09-05/file7c3a55ec-655c-4a02-9fbc-d8a2f7bba19c</surl><status><statusCode>SRM_SUCCESS</statusCode></status></statusArray></arrayOfFileStatuses></srmReleaseFilesResponse></ns1:srmReleaseFilesResponse></SOAP-ENV:Body></SOAP-ENV:Envelope>HTTP/1.1 200 OK
Server: gSOAP/2.7
Content-Type: text/xml; charset=utf-8
Content-Length: 1278
Connection: close

<?xml version="1.0" encoding="UTF-8"?>
<SOAP-ENV:Envelope xmlns:SOAP-ENV="http://schemas.xmlsoap.org/soap/envelope/" xmlns:SOAP-ENC="http://schemas.xmlsoap.org/soap/encoding/" xmlns:xsi="http://www.w3.org/2001/XMLSchema-instance" xmlns:xsd="http://www.w3.org/2001/XMLSchema" xmlns:ns1="http://srm.lbl.gov/StorageResourceManager"><SOAP-ENV:Body SOAP-ENV:encodingStyle="http://schemas.xmlsoap.org/soap/encoding/"><ns1:srmLsResponse><srmLsResponse><returnStatus><statusCode>SRM_SUCCESS</statusCode></returnStatus><details><pathDetailArray><path>/dpm/in2p3.fr/home/calice/generated/2012-09-05/filef5ed07cc-17ec-4634-9d11-2b3c4bc16fb3</path><status><statusCode>SRM_SUCCESS</statusCode></status><size>904453544</size><createdAtTime>2012-09-05T14:01:59Z</createdAtTime><lastModificationTime>2012-09-05T14:01:59Z</lastModificationTime><fileStorageType>PERMANENT</fileStorageType><fileLocality>ONLINE</fileLocality><type>FILE</type><lifetimeLeft>-1</lifetimeLeft><ownerPermission><userID>/O=GRID-FR/C=FR/O=CNRS/OU=LLR/CN=Yacine Haddad</userID><mode>RW</mode></ownerPermission><groupPermission><groupID>calice</groupID><mode>RW</mode></groupPermission><otherPermission>R</otherPermission></pathDetailArray></details></srmLsResponse></ns1:srmLsResponse></SOAP-ENV:Body></SOAP-ENV:Envelope>HTTP/1.1 200 OK
Server: gSOAP/2.7
Content-Type: text/xml; charset=utf-8
Content-Length: 959
Connection: close

<?xml version="1.0" encoding="UTF-8"?>
<SOAP-ENV:Envelope xmlns:SOAP-ENV="http://schemas.xmlsoap.org/soap/envelope/" xmlns:SOAP-ENC="http://schemas.xmlsoap.org/soap/encoding/" xmlns:xsi="http://www.w3.org/2001/XMLSchema-instance" xmlns:xsd="http://www.w3.org/2001/XMLSchema" xmlns:ns1="http://srm.lbl.gov/StorageResourceManager"><SOAP-ENV:Body SOAP-ENV:encodingStyle="http://schemas.xmlsoap.org/soap/encoding/"><ns1:srmPrepareToGetResponse><srmPrepareToGetResponse><returnStatus><statusCode>SRM_REQUEST_QUEUED</statusCode></returnStatus><requestToken>e9d3dff9-15b7-410c-a9fe-01907bbba4c1</requestToken><arrayOfFileStatuses><statusArray><sourceSURL>srm://polgrid4.in2p3.fr/dpm/in2p3.fr/home/calice/generated/2012-09-05/filef5ed07cc-17ec-4634-9d11-2b3c4bc16fb3</sourceSURL><status><statusCode>SRM_REQUEST_QUEUED</statusCode></status></statusArray></arrayOfFileStatuses></srmPrepareToGetResponse></ns1:srmPrepareToGetResponse></SOAP-ENV:Body></SOAP-ENV:Envelope>HTTP/1.1 200 OK
Server: gSOAP/2.7
Content-Type: text/xml; charset=utf-8
Content-Length: 1129
Connection: close

<?xml version="1.0" encoding="UTF-8"?>
<SOAP-ENV:Envelope xmlns:SOAP-ENV="http://schemas.xmlsoap.org/soap/envelope/" xmlns:SOAP-ENC="http://schemas.xmlsoap.org/soap/encoding/" xmlns:xsi="http://www.w3.org/2001/XMLSchema-instance" xmlns:xsd="http://www.w3.org/2001/XMLSchema" xmlns:ns1="http://srm.lbl.gov/StorageResourceManager"><SOAP-ENV:Body SOAP-ENV:encodingStyle="http://schemas.xmlsoap.org/soap/encoding/"><ns1:srmStatusOfGetRequestResponse><srmStatusOfGetRequestResponse><returnStatus><statusCode>SRM_SUCCESS</statusCode></returnStatus><arrayOfFileStatuses><statusArray><sourceSURL>srm://polgrid4.in2p3.fr/dpm/in2p3.fr/home/calice/generated/2012-09-05/filef5ed07cc-17ec-4634-9d11-2b3c4bc16fb3</sourceSURL><fileSize>904453544</fileSize><status><statusCode>SRM_FILE_PINNED</statusCode></status><remainingPinTime>7195</remainingPinTime><transferURL>gsiftp://polgrfs01.in2p3.fr/polgrfs01.in2p3.fr:/data8/calice/2012-09-05/filef5ed07cc-17ec-4634-9d11-2b3c4bc16fb3.40348599.0</transferURL></statusArray></arrayOfFileStatuses></srmStatusOfGetRequestResponse></ns1:srmStatusOfGetRequestResponse></SOAP-ENV:Body></SOAP-ENV:Envelope>HTTP/1.1 200 OK
Server: gSOAP/2.7
Content-Type: text/xml; charset=utf-8
Content-Length: 868
Connection: close

<?xml version="1.0" encoding="UTF-8"?>
<SOAP-ENV:Envelope xmlns:SOAP-ENV="http://schemas.xmlsoap.org/soap/envelope/" xmlns:SOAP-ENC="http://schemas.xmlsoap.org/soap/encoding/" xmlns:xsi="http://www.w3.org/2001/XMLSchema-instance" xmlns:xsd="http://www.w3.org/2001/XMLSchema" xmlns:ns1="http://srm.lbl.gov/StorageResourceManager"><SOAP-ENV:Body SOAP-ENV:encodingStyle="http://schemas.xmlsoap.org/soap/encoding/"><ns1:srmReleaseFilesResponse><srmReleaseFilesResponse><returnStatus><statusCode>SRM_SUCCESS</statusCode></returnStatus><arrayOfFileStatuses><statusArray><surl>srm://polgrid4.in2p3.fr/dpm/in2p3.fr/home/calice/generated/2012-09-05/filef5ed07cc-17ec-4634-9d11-2b3c4bc16fb3</surl><status><statusCode>SRM_SUCCESS</statusCode></status></statusArray></arrayOfFileStatuses></srmReleaseFilesResponse></ns1:srmReleaseFilesResponse></SOAP-ENV:Body></SOAP-ENV:Envelope>HTTP/1.1 200 OK
Server: gSOAP/2.7
Content-Type: text/xml; charset=utf-8
Content-Length: 1278
Connection: close

<?xml version="1.0" encoding="UTF-8"?>
<SOAP-ENV:Envelope xmlns:SOAP-ENV="http://schemas.xmlsoap.org/soap/envelope/" xmlns:SOAP-ENC="http://schemas.xmlsoap.org/soap/encoding/" xmlns:xsi="http://www.w3.org/2001/XMLSchema-instance" xmlns:xsd="http://www.w3.org/2001/XMLSchema" xmlns:ns1="http://srm.lbl.gov/StorageResourceManager"><SOAP-ENV:Body SOAP-ENV:encodingStyle="http://schemas.xmlsoap.org/soap/encoding/"><ns1:srmLsResponse><srmLsResponse><returnStatus><statusCode>SRM_SUCCESS</statusCode></returnStatus><details><pathDetailArray><path>/dpm/in2p3.fr/home/calice/generated/2012-09-05/filee605bc99-dd46-42bd-9d4c-76a228bdac5b</path><status><statusCode>SRM_SUCCESS</statusCode></status><size>896231332</size><createdAtTime>2012-09-05T14:02:34Z</createdAtTime><lastModificationTime>2012-09-05T14:02:34Z</lastModificationTime><fileStorageType>PERMANENT</fileStorageType><fileLocality>ONLINE</fileLocality><type>FILE</type><lifetimeLeft>-1</lifetimeLeft><ownerPermission><userID>/O=GRID-FR/C=FR/O=CNRS/OU=LLR/CN=Yacine Haddad</userID><mode>RW</mode></ownerPermission><groupPermission><groupID>calice</groupID><mode>RW</mode></groupPermission><otherPermission>R</otherPermission></pathDetailArray></details></srmLsResponse></ns1:srmLsResponse></SOAP-ENV:Body></SOAP-ENV:Envelope>HTTP/1.1 200 OK
Server: gSOAP/2.7
Content-Type: text/xml; charset=utf-8
Content-Length: 959
Connection: close

<?xml version="1.0" encoding="UTF-8"?>
<SOAP-ENV:Envelope xmlns:SOAP-ENV="http://schemas.xmlsoap.org/soap/envelope/" xmlns:SOAP-ENC="http://schemas.xmlsoap.org/soap/encoding/" xmlns:xsi="http://www.w3.org/2001/XMLSchema-instance" xmlns:xsd="http://www.w3.org/2001/XMLSchema" xmlns:ns1="http://srm.lbl.gov/StorageResourceManager"><SOAP-ENV:Body SOAP-ENV:encodingStyle="http://schemas.xmlsoap.org/soap/encoding/"><ns1:srmPrepareToGetResponse><srmPrepareToGetResponse><returnStatus><statusCode>SRM_REQUEST_QUEUED</statusCode></returnStatus><requestToken>3febe494-4e6f-407c-b310-88fc5c967244</requestToken><arrayOfFileStatuses><statusArray><sourceSURL>srm://polgrid4.in2p3.fr/dpm/in2p3.fr/home/calice/generated/2012-09-05/filee605bc99-dd46-42bd-9d4c-76a228bdac5b</sourceSURL><status><statusCode>SRM_REQUEST_QUEUED</statusCode></status></statusArray></arrayOfFileStatuses></srmPrepareToGetResponse></ns1:srmPrepareToGetResponse></SOAP-ENV:Body></SOAP-ENV:Envelope>HTTP/1.1 200 OK
Server: gSOAP/2.7
Content-Type: text/xml; charset=utf-8
Content-Length: 1129
Connection: close

<?xml version="1.0" encoding="UTF-8"?>
<SOAP-ENV:Envelope xmlns:SOAP-ENV="http://schemas.xmlsoap.org/soap/envelope/" xmlns:SOAP-ENC="http://schemas.xmlsoap.org/soap/encoding/" xmlns:xsi="http://www.w3.org/2001/XMLSchema-instance" xmlns:xsd="http://www.w3.org/2001/XMLSchema" xmlns:ns1="http://srm.lbl.gov/StorageResourceManager"><SOAP-ENV:Body SOAP-ENV:encodingStyle="http://schemas.xmlsoap.org/soap/encoding/"><ns1:srmStatusOfGetRequestResponse><srmStatusOfGetRequestResponse><returnStatus><statusCode>SRM_SUCCESS</statusCode></returnStatus><arrayOfFileStatuses><statusArray><sourceSURL>srm://polgrid4.in2p3.fr/dpm/in2p3.fr/home/calice/generated/2012-09-05/filee605bc99-dd46-42bd-9d4c-76a228bdac5b</sourceSURL><fileSize>896231332</fileSize><status><statusCode>SRM_FILE_PINNED</statusCode></status><remainingPinTime>7195</remainingPinTime><transferURL>gsiftp://polgrfs15.in2p3.fr/polgrfs15.in2p3.fr:/data2/calice/2012-09-05/filee605bc99-dd46-42bd-9d4c-76a228bdac5b.40348600.0</transferURL></statusArray></arrayOfFileStatuses></srmStatusOfGetRequestResponse></ns1:srmStatusOfGetRequestResponse></SOAP-ENV:Body></SOAP-ENV:Envelope>HTTP/1.1 200 OK
Server: gSOAP/2.7
Content-Type: text/xml; charset=utf-8
Content-Length: 868
Connection: close

<?xml version="1.0" encoding="UTF-8"?>
<SOAP-ENV:Envelope xmlns:SOAP-ENV="http://schemas.xmlsoap.org/soap/envelope/" xmlns:SOAP-ENC="http://schemas.xmlsoap.org/soap/encoding/" xmlns:xsi="http://www.w3.org/2001/XMLSchema-instance" xmlns:xsd="http://www.w3.org/2001/XMLSchema" xmlns:ns1="http://srm.lbl.gov/StorageResourceManager"><SOAP-ENV:Body SOAP-ENV:encodingStyle="http://schemas.xmlsoap.org/soap/encoding/"><ns1:srmReleaseFilesResponse><srmReleaseFilesResponse><returnStatus><statusCode>SRM_SUCCESS</statusCode></returnStatus><arrayOfFileStatuses><statusArray><surl>srm://polgrid4.in2p3.fr/dpm/in2p3.fr/home/calice/generated/2012-09-05/filee605bc99-dd46-42bd-9d4c-76a228bdac5b</surl><status><statusCode>SRM_SUCCESS</statusCode></status></statusArray></arrayOfFileStatuses></srmReleaseFilesResponse></ns1:srmReleaseFilesResponse></SOAP-ENV:Body></SOAP-ENV:Envelope>HTTP/1.1 200 OK
Server: gSOAP/2.7
Content-Type: text/xml; charset=utf-8
Content-Length: 1278
Connection: close

<?xml version="1.0" encoding="UTF-8"?>
<SOAP-ENV:Envelope xmlns:SOAP-ENV="http://schemas.xmlsoap.org/soap/envelope/" xmlns:SOAP-ENC="http://schemas.xmlsoap.org/soap/encoding/" xmlns:xsi="http://www.w3.org/2001/XMLSchema-instance" xmlns:xsd="http://www.w3.org/2001/XMLSchema" xmlns:ns1="http://srm.lbl.gov/StorageResourceManager"><SOAP-ENV:Body SOAP-ENV:encodingStyle="http://schemas.xmlsoap.org/soap/encoding/"><ns1:srmLsResponse><srmLsResponse><returnStatus><statusCode>SRM_SUCCESS</statusCode></returnStatus><details><pathDetailArray><path>/dpm/in2p3.fr/home/calice/generated/2012-09-05/file234a0b89-e8d7-4a2d-8d6a-b8b9c107d070</path><status><statusCode>SRM_SUCCESS</statusCode></status><size>900494492</size><createdAtTime>2012-09-05T14:03:12Z</createdAtTime><lastModificationTime>2012-09-05T14:03:12Z</lastModificationTime><fileStorageType>PERMANENT</fileStorageType><fileLocality>ONLINE</fileLocality><type>FILE</type><lifetimeLeft>-1</lifetimeLeft><ownerPermission><userID>/O=GRID-FR/C=FR/O=CNRS/OU=LLR/CN=Yacine Haddad</userID><mode>RW</mode></ownerPermission><groupPermission><groupID>calice</groupID><mode>RW</mode></groupPermission><otherPermission>R</otherPermission></pathDetailArray></details></srmLsResponse></ns1:srmLsResponse></SOAP-ENV:Body></SOAP-ENV:Envelope>HTTP/1.1 200 OK
Server: gSOAP/2.7
Content-Type: text/xml; charset=utf-8
Content-Length: 959
Connection: close

<?xml version="1.0" encoding="UTF-8"?>
<SOAP-ENV:Envelope xmlns:SOAP-ENV="http://schemas.xmlsoap.org/soap/envelope/" xmlns:SOAP-ENC="http://schemas.xmlsoap.org/soap/encoding/" xmlns:xsi="http://www.w3.org/2001/XMLSchema-instance" xmlns:xsd="http://www.w3.org/2001/XMLSchema" xmlns:ns1="http://srm.lbl.gov/StorageResourceManager"><SOAP-ENV:Body SOAP-ENV:encodingStyle="http://schemas.xmlsoap.org/soap/encoding/"><ns1:srmPrepareToGetResponse><srmPrepareToGetResponse><returnStatus><statusCode>SRM_REQUEST_QUEUED</statusCode></returnStatus><requestToken>11f4cd2d-a8f5-4be9-adb6-049e53bd34fb</requestToken><arrayOfFileStatuses><statusArray><sourceSURL>srm://polgrid4.in2p3.fr/dpm/in2p3.fr/home/calice/generated/2012-09-05/file234a0b89-e8d7-4a2d-8d6a-b8b9c107d070</sourceSURL><status><statusCode>SRM_REQUEST_QUEUED</statusCode></status></statusArray></arrayOfFileStatuses></srmPrepareToGetResponse></ns1:srmPrepareToGetResponse></SOAP-ENV:Body></SOAP-ENV:Envelope>HTTP/1.1 200 OK
Server: gSOAP/2.7
Content-Type: text/xml; charset=utf-8
Content-Length: 1129
Connection: close

<?xml version="1.0" encoding="UTF-8"?>
<SOAP-ENV:Envelope xmlns:SOAP-ENV="http://schemas.xmlsoap.org/soap/envelope/" xmlns:SOAP-ENC="http://schemas.xmlsoap.org/soap/encoding/" xmlns:xsi="http://www.w3.org/2001/XMLSchema-instance" xmlns:xsd="http://www.w3.org/2001/XMLSchema" xmlns:ns1="http://srm.lbl.gov/StorageResourceManager"><SOAP-ENV:Body SOAP-ENV:encodingStyle="http://schemas.xmlsoap.org/soap/encoding/"><ns1:srmStatusOfGetRequestResponse><srmStatusOfGetRequestResponse><returnStatus><statusCode>SRM_SUCCESS</statusCode></returnStatus><arrayOfFileStatuses><statusArray><sourceSURL>srm://polgrid4.in2p3.fr/dpm/in2p3.fr/home/calice/generated/2012-09-05/file234a0b89-e8d7-4a2d-8d6a-b8b9c107d070</sourceSURL><fileSize>900494492</fileSize><status><statusCode>SRM_FILE_PINNED</statusCode></status><remainingPinTime>7196</remainingPinTime><transferURL>gsiftp://polgrfs01.in2p3.fr/polgrfs01.in2p3.fr:/data8/calice/2012-09-05/file234a0b89-e8d7-4a2d-8d6a-b8b9c107d070.40348601.0</transferURL></statusArray></arrayOfFileStatuses></srmStatusOfGetRequestResponse></ns1:srmStatusOfGetRequestResponse></SOAP-ENV:Body></SOAP-ENV:Envelope>HTTP/1.1 200 OK
Server: gSOAP/2.7
Content-Type: text/xml; charset=utf-8
Content-Length: 868
Connection: close

<?xml version="1.0" encoding="UTF-8"?>
<SOAP-ENV:Envelope xmlns:SOAP-ENV="http://schemas.xmlsoap.org/soap/envelope/" xmlns:SOAP-ENC="http://schemas.xmlsoap.org/soap/encoding/" xmlns:xsi="http://www.w3.org/2001/XMLSchema-instance" xmlns:xsd="http://www.w3.org/2001/XMLSchema" xmlns:ns1="http://srm.lbl.gov/StorageResourceManager"><SOAP-ENV:Body SOAP-ENV:encodingStyle="http://schemas.xmlsoap.org/soap/encoding/"><ns1:srmReleaseFilesResponse><srmReleaseFilesResponse><returnStatus><statusCode>SRM_SUCCESS</statusCode></returnStatus><arrayOfFileStatuses><statusArray><surl>srm://polgrid4.in2p3.fr/dpm/in2p3.fr/home/calice/generated/2012-09-05/file234a0b89-e8d7-4a2d-8d6a-b8b9c107d070</surl><status><statusCode>SRM_SUCCESS</statusCode></status></statusArray></arrayOfFileStatuses></srmReleaseFilesResponse></ns1:srmReleaseFilesResponse></SOAP-ENV:Body></SOAP-ENV:Envelope>